<?xml version="1.0" encoding="UTF-8"?>
<!-- Generated by org.testng.reporters.JUnitReportReporter -->
<testsuite hostname="NOI-PG02ZDTF" failures="0" tests="1" name="RestAssured.APITesting.BearerAuthentication" time="2.714" errors="0" timestamp="2024-11-22T16:55:20 IST" skipped="0">
  <testcase classname="RestAssured.APITesting.BearerAuthentication" name="verifyBearer" time="2.714"/>
  <system-out/>
</testsuite> <!-- RestAssured.APITesting.BearerAuthentication -->
