<?xml version="1.0" encoding="UTF-8"?>
<!-- Generated by org.testng.reporters.JUnitReportReporter -->
<testsuite hostname="NOI-PG02ZDTF" failures="0" tests="1" name="RestAssured.APITesting.Revise" time="2.723" errors="0" timestamp="2024-11-18T14:17:14 IST" skipped="0">
  <testcase classname="RestAssured.APITesting.Revise" name="revAPi" time="2.723"/>
  <system-out/>
</testsuite> <!-- RestAssured.APITesting.Revise -->
