<?xml version="1.0" encoding="UTF-8"?>
<!-- Generated by org.testng.reporters.JUnitReportReporter -->
<testsuite hostname="NOI-PG02ZDTF" failures="0" tests="1" name="RestAssured.APITesting.ValidateResponseBody" time="2.995" errors="0" timestamp="2024-11-17T12:58:35 IST" skipped="0">
  <testcase classname="RestAssured.APITesting.ValidateResponseBody" name="validateREs" time="2.995"/>
  <system-out/>
</testsuite> <!-- RestAssured.APITesting.ValidateResponseBody -->
