<?xml version="1.0" encoding="UTF-8"?>
<!-- Generated by org.testng.reporters.JUnitReportReporter -->
<testsuite hostname="NOI-PG02ZDTF" failures="0" tests="1" name="RestAssured.APITesting.PracticeAPi" time="2.533" errors="0" timestamp="2024-11-13T12:48:39 IST" skipped="0">
  <testcase classname="RestAssured.APITesting.PracticeAPi" name="testAPI" time="2.533"/>
  <system-out/>
</testsuite> <!-- RestAssured.APITesting.PracticeAPi -->
