<?xml version="1.0" encoding="UTF-8"?>
<!-- Generated by org.testng.reporters.JUnitReportReporter -->
<testsuite hostname="NOI-PG02ZDTF" failures="0" tests="1" name="RestAssured.APITesting.TestPatchMethod" time="2.058" errors="0" timestamp="2024-11-12T22:32:03 IST" skipped="0">
  <testcase classname="RestAssured.APITesting.TestPatchMethod" name="testpatch" time="2.058"/>
  <system-out/>
</testsuite> <!-- RestAssured.APITesting.TestPatchMethod -->
