<?xml version="1.0" encoding="UTF-8"?>
<!-- Generated by org.testng.reporters.JUnitReportReporter -->
<testsuite hostname="NOI-PG02ZDTF" failures="0" tests="1" name="RestAssured.APITesting.TestDeletemethod" time="2.166" errors="0" timestamp="2024-11-12T22:35:25 IST" skipped="0">
  <testcase classname="RestAssured.APITesting.TestDeletemethod" name="delete" time="2.166"/>
  <system-out/>
</testsuite> <!-- RestAssured.APITesting.TestDeletemethod -->
