<?xml version="1.0" encoding="UTF-8"?>
<!-- Generated by org.testng.reporters.JUnitReportReporter -->
<testsuite hostname="NOI-PG02ZDTF" failures="0" tests="1" name="RestAssured.APITesting.FirstGet" time="2.229" errors="0" timestamp="2024-11-12T22:15:26 IST" skipped="0">
  <testcase classname="RestAssured.APITesting.FirstGet" name="testFirst" time="2.229"/>
  <system-out/>
</testsuite> <!-- RestAssured.APITesting.FirstGet -->
