<?xml version="1.0" encoding="UTF-8"?>
<!-- Generated by org.testng.reporters.JUnitReportReporter -->
<testsuite hostname="NOI-PG02ZDTF" failures="0" tests="1" name="RestAssured.APITesting.SampleAPI" time="3.301" errors="0" timestamp="2024-11-23T14:24:25 IST" skipped="0">
  <testcase classname="RestAssured.APITesting.SampleAPI" name="sampleAPI" time="3.301"/>
  <system-out/>
</testsuite> <!-- RestAssured.APITesting.SampleAPI -->
