<?xml version="1.0" encoding="UTF-8"?>
<!-- Generated by org.testng.reporters.JUnitReportReporter -->
<testsuite hostname="NOI-PG02ZDTF" failures="0" tests="1" name="RestAssured.APITesting.Test_postmethod" time="2.104" errors="0" timestamp="2024-11-12T22:27:39 IST" skipped="0">
  <testcase classname="RestAssured.APITesting.Test_postmethod" name="testPost" time="2.104"/>
  <system-out/>
</testsuite> <!-- RestAssured.APITesting.Test_postmethod -->
