<?xml version="1.0" encoding="UTF-8"?>
<!-- Generated by org.testng.reporters.JUnitReportReporter -->
<testsuite hostname="NOI-PG02ZDTF" failures="0" tests="1" name="RestAssured.APITesting.Test01getMethod" time="2.076" errors="0" timestamp="2024-11-12T22:06:01 IST" skipped="0">
  <testcase classname="RestAssured.APITesting.Test01getMethod" name="testget01" time="2.076"/>
  <system-out/>
</testsuite> <!-- RestAssured.APITesting.Test01getMethod -->
